<?xml version="1.0" encoding="UTF-8"?>
<testsuite xmlns:xsi="http://www.w3.org/2001/XMLSchema-instance" xsi:noNamespaceSchemaLocation="https://maven.apache.org/surefire/maven-surefire-plugin/xsd/surefire-test-report.xsd" name="nz.ac.auckland.se281.MainTest" time="0.319" tests="6" errors="0" skipped="0" failures="6">
  <properties>
    <property name="java.specification.version" value="21"/>
    <property name="sun.cpu.isalist" value="amd64"/>
    <property name="sun.jnu.encoding" value="Cp1252"/>
    <property name="java.class.path" value="C:\Users\Will\assignment-3-willjinjin\target\test-classes;C:\Users\Will\assignment-3-willjinjin\target\classes;C:\Users\Will\.m2\repository\junit\junit\4.12\junit-4.12.jar;C:\Users\Will\.m2\repository\org\hamcrest\hamcrest-core\1.3\hamcrest-core-1.3.jar;C:\Users\Will\assignment-3-willjinjin\libs\codestyle.jar;"/>
    <property name="java.vm.vendor" value="Oracle Corporation"/>
    <property name="sun.arch.data.model" value="64"/>
    <property name="user.variant" value=""/>
    <property name="java.vendor.url" value="https://java.oracle.com/"/>
    <property name="user.timezone" value="Pacific/Auckland"/>
    <property name="os.name" value="Windows 10"/>
    <property name="java.vm.specification.version" value="21"/>
    <property name="sun.java.launcher" value="SUN_STANDARD"/>
    <property name="user.country" value="US"/>
    <property name="sun.boot.library.path" value="C:\Progra~1\Java\jdk-21\bin"/>
    <property name="sun.java.command" value="C:\Users\Will\AppData\Local\Temp\surefire16113454804071868847\surefirebooter4662736472025957340.jar C:\Users\Will\AppData\Local\Temp\surefire16113454804071868847 2025-05-27T15-01-17_298-jvmRun1 surefire7328589407547492169tmp surefire_04649339129567951197tmp"/>
    <property name="jdk.debug" value="release"/>
    <property name="surefire.test.class.path" value="C:\Users\Will\assignment-3-willjinjin\target\test-classes;C:\Users\Will\assignment-3-willjinjin\target\classes;C:\Users\Will\.m2\repository\junit\junit\4.12\junit-4.12.jar;C:\Users\Will\.m2\repository\org\hamcrest\hamcrest-core\1.3\hamcrest-core-1.3.jar;C:\Users\Will\assignment-3-willjinjin\libs\codestyle.jar;"/>
    <property name="sun.cpu.endian" value="little"/>
    <property name="user.home" value="C:\Users\Will"/>
    <property name="user.language" value="en"/>
    <property name="java.specification.vendor" value="Oracle Corporation"/>
    <property name="java.version.date" value="2024-10-15"/>
    <property name="java.home" value="C:\Progra~1\Java\jdk-21"/>
    <property name="file.separator" value="\"/>
    <property name="basedir" value="C:\Users\Will\assignment-3-willjinjin"/>
    <property name="java.vm.compressedOopsMode" value="Zero based"/>
    <property name="line.separator" value="&#10;"/>
    <property name="java.vm.specification.vendor" value="Oracle Corporation"/>
    <property name="java.specification.name" value="Java Platform API Specification"/>
    <property name="surefire.real.class.path" value="C:\Users\Will\AppData\Local\Temp\surefire16113454804071868847\surefirebooter4662736472025957340.jar"/>
    <property name="user.script" value=""/>
    <property name="sun.management.compiler" value="HotSpot 64-Bit Tiered Compilers"/>
    <property name="java.runtime.version" value="21.0.5+9-LTS-239"/>
    <property name="user.name" value="Will"/>
    <property name="stdout.encoding" value="Cp1252"/>
    <property name="path.separator" value=";"/>
    <property name="os.version" value="10.0"/>
    <property name="java.runtime.name" value="Java(TM) SE Runtime Environment"/>
    <property name="file.encoding" value="UTF-8"/>
    <property name="java.vm.name" value="Java HotSpot(TM) 64-Bit Server VM"/>
    <property name="localRepository" value="C:\Users\Will\.m2\repository"/>
    <property name="java.vendor.url.bug" value="https://bugreport.java.com/bugreport/"/>
    <property name="java.io.tmpdir" value="C:\Users\Will\AppData\Local\Temp\"/>
    <property name="java.version" value="21.0.5"/>
    <property name="user.dir" value="C:\Users\Will\assignment-3-willjinjin"/>
    <property name="os.arch" value="amd64"/>
    <property name="java.vm.specification.name" value="Java Virtual Machine Specification"/>
    <property name="sun.os.patch.level" value=""/>
    <property name="native.encoding" value="Cp1252"/>
    <property name="java.library.path" value="C:\Progra~1\Java\jdk-21\bin;C:\WINDOWS\Sun\Java\bin;C:\WINDOWS\system32;C:\WINDOWS;C:\Program Files\Common Files\Oracle\Java\javapath;&quot;C:\Progra~1\Java\jdk-21&quot;\bin;C:\Program Files (x86)\Razer Chroma SDK\bin;C:\Program Files\Razer Chroma SDK\bin;C:\Program Files (x86)\Razer\ChromaBroadcast\bin;C:\Program Files\Razer\ChromaBroadcast\bin;C:\WINDOWS\system32;C:\WINDOWS;C:\WINDOWS\System32\Wbem;C:\WINDOWS\System32\WindowsPowerShell\v1.0\;C:\WINDOWS\System32\OpenSSH\;C:\Program Files\NVIDIA Corporation\NVIDIA NvDLISR;C:\Program Files (x86)\NVIDIA Corporation\PhysX\Common;C:\WINDOWS\system32\config\systemprofile\AppData\Local\Microsoft\WindowsApps;C:\Program Files\nodejs\;C:\WINDOWS\system32;C:\WINDOWS;C:\WINDOWS\System32\Wbem;C:\WINDOWS\System32\WindowsPowerShell\v1.0\;C:\WINDOWS\System32\OpenSSH\;C:\Program Files\dotnet\;C:\Program Files\Git\cmd;C:\Users\Will\AppData\Local\Microsoft\WindowsApps;C:\Users\Will\AppData\Roaming\npm;C:\Users\Will\AppData\Local\Programs\Microsoft VS Code\bin;C:\altera\13.0sp1\modelsim_ase\win32aloem;c:\Users\Will\AppData\Roaming\Code\User\globalStorage\github.copilot-chat\debugCommand;."/>
    <property name="java.vm.info" value="mixed mode, sharing"/>
    <property name="stderr.encoding" value="Cp1252"/>
    <property name="java.vendor" value="Oracle Corporation"/>
    <property name="java.vm.version" value="21.0.5+9-LTS-239"/>
    <property name="sun.io.unicode.encoding" value="UnicodeLittle"/>
    <property name="java.class.version" value="65.0"/>
  </properties>
  <testcase name="T1_01_info_india" classname="nz.ac.auckland.se281.MainTest$Task1" time="0.064">
    <failure message="The test is expecting the following output in the console, but it was not there: &#10;	&quot;India =&gt; continent: Asia, fuel cost: 3, neighbours: [Middle East, Afghanistan, China, Siam]&quot;" type="java.lang.AssertionError">java.lang.AssertionError: 
The test is expecting the following output in the console, but it was not there: 
	"India => continent: Asia, fuel cost: 3, neighbours: [Middle East, Afghanistan, China, Siam]"
	at nz.ac.auckland.se281.MainTest$Task1.T1_01_info_india(MainTest.java:29)
</failure>
    <system-out><![CDATA[
the System.out.print was :

   _____  ____  ______ _______ ______ _   _  _____ ___   ___  __           __          __        _     _   __  __             
  / ____|/ __ \|  ____|__   __|  ____| \ | |/ ____|__ \ / _ \/_ |          \ \        / /       | |   | | |  \/  |            
 | (___ | |  | | |__     | |  | |__  |  \| | |  __   ) | (_) || |  ______   \ \  /\  / /__  _ __| | __| | | \  / | __ _ _ __  
  \___ \| |  | |  __|    | |  |  __| | . ` | | |_ | / / > _ < | | |______|   \ \/  \/ / _ \| '__| |/ _` | | |\/| |/ _` | '_ \ 
  ____) | |__| | |       | |  | |____| |\  | |__| |/ /_| (_) || |             \  /\  / (_) | |  | | (_| | | |  | | (_| | |_) |
 |_____/ \____/|_|       |_|  |______|_| \_|\_____|____|\___/ |_|              \/  \/ \___/|_|  |_|\__,_| |_|  |_|\__,_| .__/ 
                                                                                                                       | |    
                                                                                                                       |_|    

INFO_COUNTRY	[no args]	Get info of country
ROUTE		[no args]	Get shortest path
HELP		[no args]	Print usage
EXIT		[no args]	Exit the application

281-map> 281-map> Error! Command not found! (run 'help' for the list of available commands): "INDIA"
281-map> You closed the terminal. Goodbye.

---<END RUN>---

]]></system-out>
  </testcase>
  <testcase name="T1_02_info_invalid_then_brazil" classname="nz.ac.auckland.se281.MainTest$Task1" time="0.056">
    <failure message="The test is expecting the following output in the console, but it was not there: &#10;	&quot;ERROR! This country was not found: Hello, try again!&quot;" type="java.lang.AssertionError">java.lang.AssertionError: 
The test is expecting the following output in the console, but it was not there: 
	"ERROR! This country was not found: Hello, try again!"
	at nz.ac.auckland.se281.MainTest$Task1.T1_02_info_invalid_then_brazil(MainTest.java:36)
</failure>
    <system-out><![CDATA[
the System.out.print was :

   _____  ____  ______ _______ ______ _   _  _____ ___   ___  __           __          __        _     _   __  __             
  / ____|/ __ \|  ____|__   __|  ____| \ | |/ ____|__ \ / _ \/_ |          \ \        / /       | |   | | |  \/  |            
 | (___ | |  | | |__     | |  | |__  |  \| | |  __   ) | (_) || |  ______   \ \  /\  / /__  _ __| | __| | | \  / | __ _ _ __  
  \___ \| |  | |  __|    | |  |  __| | . ` | | |_ | / / > _ < | | |______|   \ \/  \/ / _ \| '__| |/ _` | | |\/| |/ _` | '_ \ 
  ____) | |__| | |       | |  | |____| |\  | |__| |/ /_| (_) || |             \  /\  / (_) | |  | | (_| | | |  | | (_| | |_) |
 |_____/ \____/|_|       |_|  |______|_| \_|\_____|____|\___/ |_|              \/  \/ \___/|_|  |_|\__,_| |_|  |_|\__,_| .__/ 
                                                                                                                       | |    
                                                                                                                       |_|    

INFO_COUNTRY	[no args]	Get info of country
ROUTE		[no args]	Get shortest path
HELP		[no args]	Print usage
EXIT		[no args]	Exit the application

281-map> 281-map> Error! Command not found! (run 'help' for the list of available commands): "HELLO"
281-map> Error! Command not found! (run 'help' for the list of available commands): "BRAZIL"
281-map> You closed the terminal. Goodbye.

---<END RUN>---

]]></system-out>
  </testcase>
  <testcase name="T1_03_info_case_sensitive_irkutsk" classname="nz.ac.auckland.se281.MainTest$Task1" time="0.043">
    <failure message="The test is expecting the following output in the console, but it was not there: &#10;	&quot;ERROR! This country was not found: IrkuTsK, try again!&quot;" type="java.lang.AssertionError">java.lang.AssertionError: 
The test is expecting the following output in the console, but it was not there: 
	"ERROR! This country was not found: IrkuTsK, try again!"
	at nz.ac.auckland.se281.MainTest$Task1.T1_03_info_case_sensitive_irkutsk(MainTest.java:46)
</failure>
    <system-out><![CDATA[
the System.out.print was :

   _____  ____  ______ _______ ______ _   _  _____ ___   ___  __           __          __        _     _   __  __             
  / ____|/ __ \|  ____|__   __|  ____| \ | |/ ____|__ \ / _ \/_ |          \ \        / /       | |   | | |  \/  |            
 | (___ | |  | | |__     | |  | |__  |  \| | |  __   ) | (_) || |  ______   \ \  /\  / /__  _ __| | __| | | \  / | __ _ _ __  
  \___ \| |  | |  __|    | |  |  __| | . ` | | |_ | / / > _ < | | |______|   \ \/  \/ / _ \| '__| |/ _` | | |\/| |/ _` | '_ \ 
  ____) | |__| | |       | |  | |____| |\  | |__| |/ /_| (_) || |             \  /\  / (_) | |  | | (_| | | |  | | (_| | |_) |
 |_____/ \____/|_|       |_|  |______|_| \_|\_____|____|\___/ |_|              \/  \/ \___/|_|  |_|\__,_| |_|  |_|\__,_| .__/ 
                                                                                                                       | |    
                                                                                                                       |_|    

INFO_COUNTRY	[no args]	Get info of country
ROUTE		[no args]	Get shortest path
HELP		[no args]	Print usage
EXIT		[no args]	Exit the application

281-map> 281-map> Error! Command not found! (run 'help' for the list of available commands): "IRKUTSK"
281-map> Error! Command not found! (run 'help' for the list of available commands): "IRKUTSK"
281-map> You closed the terminal. Goodbye.

---<END RUN>---

]]></system-out>
  </testcase>
  <testcase name="T1_04_info_multiple_invalid_then_alaska" classname="nz.ac.auckland.se281.MainTest$Task1" time="0.036">
    <failure message="The test is expecting the following output in the console, but it was not there: &#10;	&quot;ERROR! This country was not found: H, try again!&quot;" type="java.lang.AssertionError">java.lang.AssertionError: 
The test is expecting the following output in the console, but it was not there: 
	"ERROR! This country was not found: H, try again!"
	at nz.ac.auckland.se281.MainTest$Task1.T1_04_info_multiple_invalid_then_alaska(MainTest.java:55)
</failure>
    <system-out><![CDATA[
the System.out.print was :

   _____  ____  ______ _______ ______ _   _  _____ ___   ___  __           __          __        _     _   __  __             
  / ____|/ __ \|  ____|__   __|  ____| \ | |/ ____|__ \ / _ \/_ |          \ \        / /       | |   | | |  \/  |            
 | (___ | |  | | |__     | |  | |__  |  \| | |  __   ) | (_) || |  ______   \ \  /\  / /__  _ __| | __| | | \  / | __ _ _ __  
  \___ \| |  | |  __|    | |  |  __| | . ` | | |_ | / / > _ < | | |______|   \ \/  \/ / _ \| '__| |/ _` | | |\/| |/ _` | '_ \ 
  ____) | |__| | |       | |  | |____| |\  | |__| |/ /_| (_) || |             \  /\  / (_) | |  | | (_| | | |  | | (_| | |_) |
 |_____/ \____/|_|       |_|  |______|_| \_|\_____|____|\___/ |_|              \/  \/ \___/|_|  |_|\__,_| |_|  |_|\__,_| .__/ 
                                                                                                                       | |    
                                                                                                                       |_|    

INFO_COUNTRY	[no args]	Get info of country
ROUTE		[no args]	Get shortest path
HELP		[no args]	Print usage
EXIT		[no args]	Exit the application

281-map> 281-map> Error! Command not found! (run 'help' for the list of available commands): "H"
281-map> Error! Command not found! (run 'help' for the list of available commands): "W"
281-map> Error! Command not found! (run 'help' for the list of available commands): "J"
281-map> Error! Command not found! (run 'help' for the list of available commands): "ALASKA"
281-map> You closed the terminal. Goodbye.

---<END RUN>---

]]></system-out>
  </testcase>
  <testcase name="T1_05_info_congo_and_siam" classname="nz.ac.auckland.se281.MainTest$Task1" time="0.035">
    <failure message="The test is expecting the following output in the console, but it was not there: &#10;	&quot;Congo =&gt; continent: Africa, fuel cost: 1, neighbours: [North Africa, East Africa, South Africa]&quot;" type="java.lang.AssertionError">java.lang.AssertionError: 
The test is expecting the following output in the console, but it was not there: 
	"Congo => continent: Africa, fuel cost: 1, neighbours: [North Africa, East Africa, South Africa]"
	at nz.ac.auckland.se281.MainTest$Task1.T1_05_info_congo_and_siam(MainTest.java:66)
</failure>
    <system-out><![CDATA[
the System.out.print was :

   _____  ____  ______ _______ ______ _   _  _____ ___   ___  __           __          __        _     _   __  __             
  / ____|/ __ \|  ____|__   __|  ____| \ | |/ ____|__ \ / _ \/_ |          \ \        / /       | |   | | |  \/  |            
 | (___ | |  | | |__     | |  | |__  |  \| | |  __   ) | (_) || |  ______   \ \  /\  / /__  _ __| | __| | | \  / | __ _ _ __  
  \___ \| |  | |  __|    | |  |  __| | . ` | | |_ | / / > _ < | | |______|   \ \/  \/ / _ \| '__| |/ _` | | |\/| |/ _` | '_ \ 
  ____) | |__| | |       | |  | |____| |\  | |__| |/ /_| (_) || |             \  /\  / (_) | |  | | (_| | | |  | | (_| | |_) |
 |_____/ \____/|_|       |_|  |______|_| \_|\_____|____|\___/ |_|              \/  \/ \___/|_|  |_|\__,_| |_|  |_|\__,_| .__/ 
                                                                                                                       | |    
                                                                                                                       |_|    

INFO_COUNTRY	[no args]	Get info of country
ROUTE		[no args]	Get shortest path
HELP		[no args]	Print usage
EXIT		[no args]	Exit the application

281-map> 281-map> Error! Command not found! (run 'help' for the list of available commands): "CONGO"
281-map> 281-map> Error! Command not found! (run 'help' for the list of available commands): "SIAM"
281-map> You closed the terminal. Goodbye.

---<END RUN>---

]]></system-out>
  </testcase>
  <testcase name="T1_06_info_newguinea_siam_madagascar" classname="nz.ac.auckland.se281.MainTest$Task1" time="0.035">
    <failure message="The test is expecting the following output in the console, but it was not there: &#10;	&quot;New Guinea =&gt; continent: Australia, fuel cost: 2, neighbours: [Indonesia, Eastern Australia, Western Australia]&quot;" type="java.lang.AssertionError">java.lang.AssertionError: 
The test is expecting the following output in the console, but it was not there: 
	"New Guinea => continent: Australia, fuel cost: 2, neighbours: [Indonesia, Eastern Australia, Western Australia]"
	at nz.ac.auckland.se281.MainTest$Task1.T1_06_info_newguinea_siam_madagascar(MainTest.java:75)
</failure>
    <system-out><![CDATA[
the System.out.print was :

   _____  ____  ______ _______ ______ _   _  _____ ___   ___  __           __          __        _     _   __  __             
  / ____|/ __ \|  ____|__   __|  ____| \ | |/ ____|__ \ / _ \/_ |          \ \        / /       | |   | | |  \/  |            
 | (___ | |  | | |__     | |  | |__  |  \| | |  __   ) | (_) || |  ______   \ \  /\  / /__  _ __| | __| | | \  / | __ _ _ __  
  \___ \| |  | |  __|    | |  |  __| | . ` | | |_ | / / > _ < | | |______|   \ \/  \/ / _ \| '__| |/ _` | | |\/| |/ _` | '_ \ 
  ____) | |__| | |       | |  | |____| |\  | |__| |/ /_| (_) || |             \  /\  / (_) | |  | | (_| | | |  | | (_| | |_) |
 |_____/ \____/|_|       |_|  |______|_| \_|\_____|____|\___/ |_|              \/  \/ \___/|_|  |_|\__,_| |_|  |_|\__,_| .__/ 
                                                                                                                       | |    
                                                                                                                       |_|    

INFO_COUNTRY	[no args]	Get info of country
ROUTE		[no args]	Get shortest path
HELP		[no args]	Print usage
EXIT		[no args]	Exit the application

281-map> 281-map> Error! Command not found! (run 'help' for the list of available commands): "NEW"
281-map> 281-map> Error! Command not found! (run 'help' for the list of available commands): "SIAM"
281-map> 281-map> Error! Command not found! (run 'help' for the list of available commands): "MADAGASCAR"
281-map> You closed the terminal. Goodbye.

---<END RUN>---

]]></system-out>
  </testcase>
</testsuite>