<?xml version="1.0" encoding="UTF-8"?>
<testsuite xmlns:xsi="http://www.w3.org/2001/XMLSchema-instance" xsi:noNamespaceSchemaLocation="https://maven.apache.org/surefire/maven-surefire-plugin/xsd/surefire-test-report.xsd" name="nz.ac.auckland.se281.MainTest" time="0.319" tests="6" errors="0" skipped="0" failures="6">
  <properties>
[...]
</properties>
  <testcase name="T1_01_info_india" classname="nz.ac.auckland.se281.MainTest$Task1" time="0.064">
    <failure message="The test is expecting the following output in the console, but it was not there: &#10;	&quot;India =&gt; continent: Asia, fuel cost: 3, neighbours: [Middle East, Afghanistan, China, Siam]&quot;" type="java.lang.AssertionError">java.lang.AssertionError: 
The test is expecting the following output in the console, but it was not there: 
	"India => continent: Asia, fuel cost: 3, neighbours: [Middle East, Afghanistan, China, Siam]"
	at nz.ac.auckland.se281.MainTest$Task1.T1_01_info_india(MainTest.java:29)
</failure>
    <system-out><![CDATA[
the System.out.print was :

   _____  ____  ______ _______ ______ _   _  _____ ___   ___  __           __          __        _     _   __  __             
  / ____|/ __ \|  ____|__   __|  ____| \ | |/ ____|__ \ / _ \/_ |          \ \        / /       | |   | | |  \/  |            
 | (___ | |  | | |__     | |  | |__  |  \| | |  __   ) | (_) || |  ______   \ \  /\  / /__  _ __| | __| | | \  / | __ _ _ __  
  \___ \| |  | |  __|    | |  |  __| | . ` | | |_ | / / > _ < | | |______|   \ \/  \/ / _ \| '__| |/ _` | | |\/| |/ _` | '_ \ 
  ____) | |__| | |       | |  | |____| |\  | |__| |/ /_| (_) || |             \  /\  / (_) | |  | | (_| | | |  | | (_| | |_) |
 |_____/ \____/|_|       |_|  |______|_| \_|\_____|____|\___/ |_|              \/  \/ \___/|_|  |_|\__,_| |_|  |_|\__,_| .__/ 
                                                                                                                       | |    
                                                                                                                       |_|    

INFO_COUNTRY	[no args]	Get info of country
ROUTE		[no args]	Get shortest path
HELP		[no args]	Print usage
EXIT		[no args]	Exit the application

281-map> 281-map> Error! Command not found! (run 'help' for the list of available commands): "INDIA"
281-map> You closed the terminal. Goodbye.

---<END RUN>---

]]></system-out>
  </testcase>
  <testcase name="T1_02_info_invalid_then_brazil" classname="nz.ac.auckland.se281.MainTest$Task1" time="0.056">
    <failure message="The test is expecting the following output in the console, but it was not there: &#10;	&quot;ERROR! This country was not found: Hello, try again!&quot;" type="java.lang.AssertionError">java.lang.AssertionError: 
The test is expecting the following output in the console, but it was not there: 
	"ERROR! This country was not found: Hello, try again!"
	at nz.ac.auckland.se281.MainTest$Task1.T1_02_info_invalid_then_brazil(MainTest.java:36)
</failure>
    <system-out><![CDATA[
the System.out.print was :

   _____  ____  ______ _______ ______ _   _  _____ ___   ___  __           __          __        _     _   __  __             
  / ____|/ __ \|  ____|__   __|  ____| \ | |/ ____|__ \ / _ \/_ |          \ \        / /       | |   | | |  \/  |            
 | (___ | |  | | |__     | |  | |__  |  \| | |  __   ) | (_) || |  ______   \ \  /\  / /__  _ __| | __| | | \  / | __ _ _ __  
  \___ \| |  | |  __|    | |  |  __| | . ` | | |_ | / / > _ < | | |______|   \ \/  \/ / _ \| '__| |/ _` | | |\/| |/ _` | '_ \ 
  ____) | |__| | |       | |  | |____| |\  | |__| |/ /_| (_) || |             \  /\  / (_) | |  | | (_| | | |  | | (_| | |_) |
 |_____/ \____/|_|       |_|  |______|_| \_|\_____|____|\___/ |_|              \/  \/ \___/|_|  |_|\__,_| |_|  |_|\__,_| .__/ 
                                                                                                                       | |    
                                                                                                                       |_|    

INFO_COUNTRY	[no args]	Get info of country
ROUTE		[no args]	Get shortest path
HELP		[no args]	Print usage
EXIT		[no args]	Exit the application

281-map> 281-map> Error! Command not found! (run 'help' for the list of available commands): "HELLO"
281-map> Error! Command not found! (run 'help' for the list of available commands): "BRAZIL"
281-map> You closed the terminal. Goodbye.

---<END RUN>---

]]></system-out>
  </testcase>
  <testcase name="T1_03_info_case_sensitive_irkutsk" classname="nz.ac.auckland.se281.MainTest$Task1" time="0.043">
    <failure message="The test is expecting the following output in the console, but it was not there: &#10;	&quot;ERROR! This country was not found: IrkuTsK, try again!&quot;" type="java.lang.AssertionError">java.lang.AssertionError: 
The test is expecting the following output in the console, but it was not there: 
	"ERROR! This country was not found: IrkuTsK, try again!"
	at nz.ac.auckland.se281.MainTest$Task1.T1_03_info_case_sensitive_irkutsk(MainTest.java:46)
</failure>
    <system-out><![CDATA[
the System.out.print was :

   _____  ____  ______ _______ ______ _   _  _____ ___   ___  __           __          __        _     _   __  __             
  / ____|/ __ \|  ____|__   __|  ____| \ | |/ ____|__ \ / _ \/_ |          \ \        / /       | |   | | |  \/  |            
 | (___ | |  | | |__     | |  | |__  |  \| | |  __   ) | (_) || |  ______   \ \  /\  / /__  _ __| | __| | | \  / | __ _ _ __  
  \___ \| |  | |  __|    | |  |  __| | . ` | | |_ | / / > _ < | | |______|   \ \/  \/ / _ \| '__| |/ _` | | |\/| |/ _` | '_ \ 
  ____) | |__| | |       | |  | |____| |\  | |__| |/ /_| (_) || |             \  /\  / (_) | |  | | (_| | | |  | | (_| | |_) |
 |_____/ \____/|_|       |_|  |______|_| \_|\_____|____|\___/ |_|              \/  \/ \___/|_|  |_|\__,_| |_|  |_|\__,_| .__/ 
                                                                                                                       | |    
                                                                                                                       |_|    

INFO_COUNTRY	[no args]	Get info of country
ROUTE		[no args]	Get shortest path
HELP		[no args]	Print usage
EXIT		[no args]	Exit the application

281-map> 281-map> Error! Command not found! (run 'help' for the list of available commands): "IRKUTSK"
281-map> Error! Command not found! (run 'help' for the list of available commands): "IRKUTSK"
281-map> You closed the terminal. Goodbye.

---<END RUN>---

]]></system-out>
  </testcase>
  <testcase name="T1_04_info_multiple_invalid_then_alaska" classname="nz.ac.auckland.se281.MainTest$Task1" time="0.036">
    <failure message="The test is expecting the following output in the console, but it was not there: &#10;	&quot;ERROR! This country was not found: H, try again!&quot;" type="java.lang.AssertionError">java.lang.AssertionError: 
The test is expecting the following output in the console, but it was not there: 
	"ERROR! This country was not found: H, try again!"
	at nz.ac.auckland.se281.MainTest$Task1.T1_04_info_multiple_invalid_then_alaska(MainTest.java:55)
</failure>
    <system-out><![CDATA[
the System.out.print was :

   _____  ____  ______ _______ ______ _   _  _____ ___   ___  __           __          __        _     _   __  __             
  / ____|/ __ \|  ____|__   __|  ____| \ | |/ ____|__ \ / _ \/_ |          \ \        / /       | |   | | |  \/  |            
 | (___ | |  | | |__     | |  | |__  |  \| | |  __   ) | (_) || |  ______   \ \  /\  / /__  _ __| | __| | | \  / | __ _ _ __  
  \___ \| |  | |  __|    | |  |  __| | . ` | | |_ | / / > _ < | | |______|   \ \/  \/ / _ \| '__| |/ _` | | |\/| |/ _` | '_ \ 
  ____) | |__| | |       | |  | |____| |\  | |__| |/ /_| (_) || |             \  /\  / (_) | |  | | (_| | | |  | | (_| | |_) |
 |_____/ \____/|_|       |_|  |______|_| \_|\_____|____|\___/ |_|              \/  \/ \___/|_|  |_|\__,_| |_|  |_|\__,_| .__/ 
                                                                                                                       | |    
                                                                                                                       |_|    

INFO_COUNTRY	[no args]	Get info of country
ROUTE		[no args]	Get shortest path
HELP		[no args]	Print usage
EXIT		[no args]	Exit the application

281-map> 281-map> Error! Command not found! (run 'help' for the list of available commands): "H"
281-map> Error! Command not found! (run 'help' for the list of available commands): "W"
281-map> Error! Command not found! (run 'help' for the list of available commands): "J"
281-map> Error! Command not found! (run 'help' for the list of available commands): "ALASKA"
281-map> You closed the terminal. Goodbye.

---<END RUN>---

]]></system-out>
  </testcase>
  <testcase name="T1_05_info_congo_and_siam" classname="nz.ac.auckland.se281.MainTest$Task1" time="0.035">
    <failure message="The test is expecting the following output in the console, but it was not there: &#10;	&quot;Congo =&gt; continent: Africa, fuel cost: 1, neighbours: [North Africa, East Africa, South Africa]&quot;" type="java.lang.AssertionError">java.lang.AssertionError: 
The test is expecting the following output in the console, but it was not there: 
	"Congo => continent: Africa, fuel cost: 1, neighbours: [North Africa, East Africa, South Africa]"
	at nz.ac.auckland.se281.MainTest$Task1.T1_05_info_congo_and_siam(MainTest.java:66)
</failure>
    <system-out><![CDATA[
the System.out.print was :

   _____  ____  ______ _______ ______ _   _  _____ ___   ___  __           __          __        _     _   __  __             
  / ____|/ __ \|  ____|__   __|  ____| \ | |/ ____|__ \ / _ \/_ |          \ \        / /       | |   | | |  \/  |            
 | (___ | |  | | |__     | |  | |__  |  \| | |  __   ) | (_) || |  ______   \ \  /\  / /__  _ __| | __| | | \  / | __ _ _ __  
  \___ \| |  | |  __|    | |  |  __| | . ` | | |_ | / / > _ < | | |______|   \ \/  \/ / _ \| '__| |/ _` | | |\/| |/ _` | '_ \ 
  ____) | |__| | |       | |  | |____| |\  | |__| |/ /_| (_) || |             \  /\  / (_) | |  | | (_| | | |  | | (_| | |_) |
 |_____/ \____/|_|       |_|  |______|_| \_|\_____|____|\___/ |_|              \/  \/ \___/|_|  |_|\__,_| |_|  |_|\__,_| .__/ 
                                                                                                                       | |    
                                                                                                                       |_|    

INFO_COUNTRY	[no args]	Get info of country
ROUTE		[no args]	Get shortest path
HELP		[no args]	Print usage
EXIT		[no args]	Exit the application

281-map> 281-map> Error! Command not found! (run 'help' for the list of available commands): "CONGO"
281-map> 281-map> Error! Command not found! (run 'help' for the list of available commands): "SIAM"
281-map> You closed the terminal. Goodbye.

---<END RUN>---

]]></system-out>
  </testcase>
  <testcase name="T1_06_info_newguinea_siam_madagascar" classname="nz.ac.auckland.se281.MainTest$Task1" time="0.035">
    <failure message="The test is expecting the following output in the console, but it was not there: &#10;	&quot;New Guinea =&gt; continent: Australia, fuel cost: 2, neighbours: [Indonesia, Eastern Australia, Western Australia]&quot;" type="java.lang.AssertionError">java.lang.AssertionError: 
The test is expecting the following output in the console, but it was not there: 
	"New Guinea => continent: Australia, fuel cost: 2, neighbours: [Indonesia, Eastern Australia, Western Australia]"
	at nz.ac.auckland.se281.MainTest$Task1.T1_06_info_newguinea_siam_madagascar(MainTest.java:75)
</failure>
    <system-out><![CDATA[
the System.out.print was :

   _____  ____  ______ _______ ______ _   _  _____ ___   ___  __           __          __        _     _   __  __             
  / ____|/ __ \|  ____|__   __|  ____| \ | |/ ____|__ \ / _ \/_ |          \ \        / /       | |   | | |  \/  |            
 | (___ | |  | | |__     | |  | |__  |  \| | |  __   ) | (_) || |  ______   \ \  /\  / /__  _ __| | __| | | \  / | __ _ _ __  
  \___ \| |  | |  __|    | |  |  __| | . ` | | |_ | / / > _ < | | |______|   \ \/  \/ / _ \| '__| |/ _` | | |\/| |/ _` | '_ \ 
  ____) | |__| | |       | |  | |____| |\  | |__| |/ /_| (_) || |             \  /\  / (_) | |  | | (_| | | |  | | (_| | |_) |
 |_____/ \____/|_|       |_|  |______|_| \_|\_____|____|\___/ |_|              \/  \/ \___/|_|  |_|\__,_| |_|  |_|\__,_| .__/ 
                                                                                                                       | |    
                                                                                                                       |_|    

INFO_COUNTRY	[no args]	Get info of country
ROUTE		[no args]	Get shortest path
HELP		[no args]	Print usage
EXIT		[no args]	Exit the application

281-map> 281-map> Error! Command not found! (run 'help' for the list of available commands): "NEW"
281-map> 281-map> Error! Command not found! (run 'help' for the list of available commands): "SIAM"
281-map> 281-map> Error! Command not found! (run 'help' for the list of available commands): "MADAGASCAR"
281-map> You closed the terminal. Goodbye.

---<END RUN>---

]]></system-out>
  </testcase>
</testsuite>